<?xml version="1.0" encoding="UTF-8"?>
<!-- Generated by org.testng.reporters.JUnitReportReporter -->
<testsuite skipped="0" hostname="DESKTOP-0481BMV" name="com.leaftaps.testcases.CreateIndividuals" tests="3" failures="0" timestamp="2023-12-15T01:41:36 IST" time="76.953" errors="0">
  <testcase name="CreateIndividuals" time="26.791" classname="com.leaftaps.testcases.CreateIndividuals"/>
  <system-out/>
  <testcase name="CreateIndividuals" time="21.617" classname="com.leaftaps.testcases.CreateIndividuals"/>
  <system-out/>
  <testcase name="CreateIndividuals" time="28.545" classname="com.leaftaps.testcases.CreateIndividuals"/>
  <system-out/>
</testsuite> <!-- com.leaftaps.testcases.CreateIndividuals -->
