<?xml version="1.0" encoding="UTF-8"?>
<!-- Generated by org.testng.reporters.JUnitReportReporter -->
<testsuite skipped="0" hostname="DESKTOP-0481BMV" name="com.leaftaps.testcases.EditIndividuals" tests="2" failures="0" timestamp="2023-12-15T01:41:36 IST" time="72.007" errors="0">
  <testcase name="EditIndividuals" time="38.193" classname="com.leaftaps.testcases.EditIndividuals"/>
  <system-out/>
  <testcase name="EditIndividuals" time="33.814" classname="com.leaftaps.testcases.EditIndividuals"/>
  <system-out/>
</testsuite> <!-- com.leaftaps.testcases.EditIndividuals -->
