<?xml version="1.0" encoding="UTF-8"?>
<!-- Generated by org.testng.reporters.JUnitReportReporter -->
<testsuite hostname="DESKTOP-0481BMV" failures="0" tests="4" name="runner.CucumberRunner" time="111.269" errors="0" timestamp="2024-03-02T18:36:59 IST" skipped="0">
  <testcase classname="runner.CucumberRunner" name="runScenario" time="54.647"/>
  <system-out/>
  <testcase classname="runner.CucumberRunner" name="runScenario" time="8.330"/>
  <system-out/>
  <testcase classname="runner.CucumberRunner" name="runScenario" time="41.165"/>
  <system-out/>
  <testcase classname="runner.CucumberRunner" name="runScenario" time="7.127"/>
  <system-out/>
</testsuite> <!-- runner.CucumberRunner -->
