<?xml version="1.0" encoding="UTF-8"?>
<!-- Generated by org.testng.reporters.JUnitReportReporter -->
<testsuite hostname="DESKTOP-0481BMV" failures="0" tests="5" name="parallel.CucumberRunner" time="70.685" errors="0" timestamp="2024-02-09T00:31:37 IST" skipped="0">
  <testcase classname="parallel.CucumberRunner" name="runScenario" time="14.477"/>
  <system-out/>
  <testcase classname="parallel.CucumberRunner" name="runScenario" time="12.463"/>
  <system-out/>
  <testcase classname="parallel.CucumberRunner" name="runScenario" time="14.844"/>
  <system-out/>
  <testcase classname="parallel.CucumberRunner" name="runScenario" time="13.641"/>
  <system-out/>
  <testcase classname="parallel.CucumberRunner" name="runScenario" time="15.260"/>
  <system-out/>
</testsuite> <!-- parallel.CucumberRunner -->
