<?xml version="1.0" encoding="UTF-8"?>
<!-- Generated by org.testng.reporters.JUnitReportReporter -->
<testsuite skipped="0" hostname="DESKTOP-0481BMV" name="testCases.RunnerLogin" tests="2" failures="0" timestamp="2023-12-06T18:07:55 IST" time="15.063" errors="0">
  <testcase name="runLoginTestcase" time="9.443" classname="testCases.RunnerLogin"/>
  <system-out/>
  <testcase name="runLoginTestcase" time="5.620" classname="testCases.RunnerLogin"/>
  <system-out/>
</testsuite> <!-- testCases.RunnerLogin -->
