<?xml version="1.0" encoding="UTF-8"?>
<!-- Generated by org.testng.reporters.JUnitReportReporter -->
<testsuite skipped="0" hostname="DESKTOP-0481BMV" name="testCases.RunnerCreateLead" tests="2" failures="0" timestamp="2023-12-03T21:15:02 IST" time="23.236" errors="0">
  <testcase name="runCreateLeadtest" time="12.429" classname="testCases.RunnerCreateLead"/>
  <system-out/>
  <testcase name="runCreateLeadtest" time="10.807" classname="testCases.RunnerCreateLead"/>
  <system-out/>
</testsuite> <!-- testCases.RunnerCreateLead -->
